# JRE version: OpenJDK Runtime Environment Temurin-21.0.11+10 (21.0.11+10) (build 21.0.11+10-LTS)
# Java VM: OpenJDK 64-Bit Server VM Temurin-21.0.11+10 (21.0.11+10-LTS, mixed mode, sharing, tiered, compressed oops, compressed class ptrs, parallel gc, windows-amd64)
GC Precious Log:
 CardTable entry size: 512
 CPUs: 4 total, 4 available
 Memory: 3522M
 Large Page Support: Disabled
 NUMA Support: Disabled
 Compressed Oops: Enabled (32-bit)
 Alignments: Space 512K, Generation 512K, Heap 2M
 Heap Min Capacity: 100M
 Heap Initial Capacity: 100M
 Heap Max Capacity: 2G
 Pre-touch: Disabled
 Parallel Workers: 4
Heap:
 PSYoungGen      total 4608K, used 3797K [0x00000000d5580000, 0x00000000d5b80000, 0x0000000100000000)
  eden space 4096K, 86% used [0x00000000d5580000,0x00000000d58f5518,0x00000000d5980000)
  from space 512K, 50% used [0x00000000d5b00000,0x00000000d5b40000,0x00000000d5b80000)
  to   space 512K, 0% used [0x00000000d5a80000,0x00000000d5a80000,0x00000000d5b00000)
 ParOldGen       total 740352K, used 739905K [0x0000000080000000, 0x00000000ad300000, 0x00000000d5580000)
  object space 740352K, 99% used [0x0000000080000000,0x00000000ad2904f0,0x00000000ad300000)
 Metaspace       used 72200K, committed 73792K, reserved 1114112K
  class space    used 7711K, committed 8384K, reserved 1048576K
GC Heap History (20 events):
Event: 391.480 GC heap before
{Heap before GC invocations=958 (full 3):
 PSYoungGen      total 4608K, used 4349K [0x00000000d5580000, 0x00000000d5a80000, 0x0000000100000000)
  eden space 4096K, 100% used [0x00000000d5580000,0x00000000d5980000,0x00000000d5980000)
  from space 512K, 49% used [0x00000000d5a00000,0x00000000d5a3f408,0x00000000d5a80000)
  to   space 512K, 0% used [0x00000000d5980000,0x00000000d5980000,0x00000000d5a00000)
 ParOldGen       total 737280K, used 736810K [0x0000000080000000, 0x00000000ad000000, 0x00000000d5580000)
  object space 737280K, 99% used [0x0000000080000000,0x00000000acf8a920,0x00000000ad000000)
 Metaspace       used 71019K, committed 72640K, reserved 1114112K
  class space    used 7542K, committed 8192K, reserved 1048576K
}
Event: 391.485 GC heap after
{Heap after GC invocations=958 (full 3):
 PSYoungGen      total 4608K, used 278K [0x00000000d5580000, 0x00000000d5a80000, 0x0000000100000000)
  eden space 4096K, 0% used [0x00000000d5580000,0x00000000d5580000,0x00000000d5980000)
  from space 512K, 54% used [0x00000000d5980000,0x00000000d59c5880,0x00000000d5a00000)
  to   space 512K, 0% used [0x00000000d5a00000,0x00000000d5a00000,0x00000000d5a80000)
 ParOldGen       total 737280K, used 736973K [0x0000000080000000, 0x00000000ad000000, 0x00000000d5580000)
  object space 737280K, 99% used [0x0000000080000000,0x00000000acfb3580,0x00000000ad000000)
 Metaspace       used 71019K, committed 72640K, reserved 1114112K
  class space    used 7542K, committed 8192K, reserved 1048576K
}
Event: 391.506 GC heap before
{Heap before GC invocations=959 (full 3):
 PSYoungGen      total 4608K, used 4374K [0x00000000d5580000, 0x00000000d5a80000, 0x0000000100000000)
  eden space 4096K, 100% used [0x00000000d5580000,0x00000000d5980000,0x00000000d5980000)
  from space 512K, 54% used [0x00000000d5980000,0x00000000d59c5880,0x00000000d5a00000)
  to   space 512K, 0% used [0x00000000d5a00000,0x00000000d5a00000,0x00000000d5a80000)
 ParOldGen       total 737280K, used 736973K [0x0000000080000000, 0x00000000ad000000, 0x00000000d5580000)
  object space 737280K, 99% used [0x0000000080000000,0x00000000acfb3580,0x00000000ad000000)
 Metaspace       used 71019K, committed 72640K, reserved 1114112K
  class space    used 7542K, committed 8192K, reserved 1048576K
}
Event: 391.511 GC heap after
{Heap after GC invocations=959 (full 3):
 PSYoungGen      total 4608K, used 226K [0x00000000d5580000, 0x00000000d5a80000, 0x0000000100000000)
  eden space 4096K, 0% used [0x00000000d5580000,0x00000000d5580000,0x00000000d5980000)
  from space 512K, 44% used [0x00000000d5a00000,0x00000000d5a38bc8,0x00000000d5a80000)
  to   space 512K, 0% used [0x00000000d5980000,0x00000000d5980000,0x00000000d5a00000)
 ParOldGen       total 737280K, used 737172K [0x0000000080000000, 0x00000000ad000000, 0x00000000d5580000)
  object space 737280K, 99% used [0x0000000080000000,0x00000000acfe5298,0x00000000ad000000)
 Metaspace       used 71019K, committed 72640K, reserved 1114112K
  class space    used 7542K, committed 8192K, reserved 1048576K
}
Event: 391.556 GC heap before
{Heap before GC invocations=960 (full 3):
 PSYoungGen      total 4608K, used 4322K [0x00000000d5580000, 0x00000000d5a80000, 0x0000000100000000)
  eden space 4096K, 100% used [0x00000000d5580000,0x00000000d5980000,0x00000000d5980000)
  from space 512K, 44% used [0x00000000d5a00000,0x00000000d5a38bc8,0x00000000d5a80000)
  to   space 512K, 0% used [0x00000000d5980000,0x00000000d5980000,0x00000000d5a00000)
 ParOldGen       total 737280K, used 737172K [0x0000000080000000, 0x00000000ad000000, 0x00000000d5580000)
  object space 737280K, 99% used [0x0000000080000000,0x00000000acfe5298,0x00000000ad000000)
 Metaspace       used 71019K, committed 72640K, reserved 1114112K
  class space    used 7542K, committed 8192K, reserved 1048576K
}
Event: 391.562 GC heap after
{Heap after GC invocations=960 (full 3):
 PSYoungGen      total 4608K, used 249K [0x00000000d5580000, 0x00000000d5a80000, 0x0000000100000000)
  eden space 4096K, 0% used [0x00000000d5580000,0x00000000d5580000,0x00000000d5980000)
  from space 512K, 48% used [0x00000000d5980000,0x00000000d59be4d0,0x00000000d5a00000)
  to   space 512K, 0% used [0x00000000d5a00000,0x00000000d5a00000,0x00000000d5a80000)
 ParOldGen       total 737792K, used 737319K [0x0000000080000000, 0x00000000ad080000, 0x00000000d5580000)
  object space 737792K, 99% used [0x0000000080000000,0x00000000ad009e60,0x00000000ad080000)
 Metaspace       used 71019K, committed 72640K, reserved 1114112K
  class space    used 7542K, committed 8192K, reserved 1048576K
}
Event: 391.599 GC heap before
{Heap before GC invocations=961 (full 3):
 PSYoungGen      total 4608K, used 4345K [0x00000000d5580000, 0x00000000d5a80000, 0x0000000100000000)
  eden space 4096K, 100% used [0x00000000d5580000,0x00000000d5980000,0x00000000d5980000)
  from space 512K, 48% used [0x00000000d5980000,0x00000000d59be4d0,0x00000000d5a00000)
  to   space 512K, 0% used [0x00000000d5a00000,0x00000000d5a00000,0x00000000d5a80000)
 ParOldGen       total 737792K, used 737319K [0x0000000080000000, 0x00000000ad080000, 0x00000000d5580000)
  object space 737792K, 99% used [0x0000000080000000,0x00000000ad009e60,0x00000000ad080000)
 Metaspace       used 71019K, committed 72640K, reserved 1114112K
  class space    used 7542K, committed 8192K, reserved 1048576K
}
Event: 391.605 GC heap after
{Heap after GC invocations=961 (full 3):
 PSYoungGen      total 4608K, used 190K [0x00000000d5580000, 0x00000000d5a80000, 0x0000000100000000)
  eden space 4096K, 0% used [0x00000000d5580000,0x00000000d5580000,0x00000000d5980000)
  from space 512K, 37% used [0x00000000d5a00000,0x00000000d5a2f820,0x00000000d5a80000)
  to   space 512K, 0% used [0x00000000d5980000,0x00000000d5980000,0x00000000d5a00000)
 ParOldGen       total 737792K, used 737499K [0x0000000080000000, 0x00000000ad080000, 0x00000000d5580000)
  object space 737792K, 99% used [0x0000000080000000,0x00000000ad036f20,0x00000000ad080000)
 Metaspace       used 71019K, committed 72640K, reserved 1114112K
  class space    used 7542K, committed 8192K, reserved 1048576K
}
Event: 391.843 GC heap before
{Heap before GC invocations=962 (full 3):
 PSYoungGen      total 4608K, used 4286K [0x00000000d5580000, 0x00000000d5a80000, 0x0000000100000000)
  eden space 4096K, 100% used [0x00000000d5580000,0x00000000d5980000,0x00000000d5980000)
  from space 512K, 37% used [0x00000000d5a00000,0x00000000d5a2f820,0x00000000d5a80000)
  to   space 512K, 0% used [0x00000000d5980000,0x00000000d5980000,0x00000000d5a00000)
 ParOldGen       total 737792K, used 737499K [0x0000000080000000, 0x00000000ad080000, 0x00000000d5580000)
  object space 737792K, 99% used [0x0000000080000000,0x00000000ad036f20,0x00000000ad080000)
 Metaspace       used 71074K, committed 72640K, reserved 1114112K
  class space    used 7547K, committed 8192K, reserved 1048576K
}
Event: 391.851 GC heap after
{Heap after GC invocations=962 (full 3):
 PSYoungGen      total 4608K, used 512K [0x00000000d5580000, 0x00000000d5c80000, 0x0000000100000000)
  eden space 4096K, 0% used [0x00000000d5580000,0x00000000d5580000,0x00000000d5980000)
  from space 512K, 100% used [0x00000000d5980000,0x00000000d5a00000,0x00000000d5a00000)
  to   space 1536K, 0% used [0x00000000d5b00000,0x00000000d5b00000,0x00000000d5c80000)
 ParOldGen       total 738304K, used 738281K [0x0000000080000000, 0x00000000ad100000, 0x00000000d5580000)
  object space 738304K, 99% used [0x0000000080000000,0x00000000ad0fa5b8,0x00000000ad100000)
 Metaspace       used 71074K, committed 72640K, reserved 1114112K
  class space    used 7547K, committed 8192K, reserved 1048576K
}
Event: 392.332 GC heap before
{Heap before GC invocations=963 (full 3):
 PSYoungGen      total 4608K, used 4608K [0x00000000d5580000, 0x00000000d5c80000, 0x0000000100000000)
  eden space 4096K, 100% used [0x00000000d5580000,0x00000000d5980000,0x00000000d5980000)
  from space 512K, 100% used [0x00000000d5980000,0x00000000d5a00000,0x00000000d5a00000)
  to   space 1536K, 0% used [0x00000000d5b00000,0x00000000d5b00000,0x00000000d5c80000)
 ParOldGen       total 738304K, used 738281K [0x0000000080000000, 0x00000000ad100000, 0x00000000d5580000)
  object space 738304K, 99% used [0x0000000080000000,0x00000000ad0fa5b8,0x00000000ad100000)
 Metaspace       used 71196K, committed 72832K, reserved 1114112K
  class space    used 7577K, committed 8256K, reserved 1048576K
}
Event: 392.342 GC heap after
{Heap after GC invocations=963 (full 3):
 PSYoungGen      total 5120K, used 608K [0x00000000d5580000, 0x00000000d5c00000, 0x0000000100000000)
  eden space 4096K, 0% used [0x00000000d5580000,0x00000000d5580000,0x00000000d5980000)
  from space 1024K, 59% used [0x00000000d5b00000,0x00000000d5b98000,0x00000000d5c00000)
  to   space 1024K, 0% used [0x00000000d5a00000,0x00000000d5a00000,0x00000000d5b00000)
 ParOldGen       total 738816K, used 738800K [0x0000000080000000, 0x00000000ad180000, 0x00000000d5580000)
  object space 738816K, 99% used [0x0000000080000000,0x00000000ad17c310,0x00000000ad180000)
 Metaspace       used 71196K, committed 72832K, reserved 1114112K
  class space    used 7577K, committed 8256K, reserved 1048576K
}
Event: 395.238 GC heap before
{Heap before GC invocations=964 (full 3):
 PSYoungGen      total 5120K, used 4704K [0x00000000d5580000, 0x00000000d5c00000, 0x0000000100000000)
  eden space 4096K, 100% used [0x00000000d5580000,0x00000000d5980000,0x00000000d5980000)
  from space 1024K, 59% used [0x00000000d5b00000,0x00000000d5b98000,0x00000000d5c00000)
  to   space 1024K, 0% used [0x00000000d5a00000,0x00000000d5a00000,0x00000000d5b00000)
 ParOldGen       total 738816K, used 738800K [0x0000000080000000, 0x00000000ad180000, 0x00000000d5580000)
  object space 738816K, 99% used [0x0000000080000000,0x00000000ad17c310,0x00000000ad180000)
 Metaspace       used 71442K, committed 73024K, reserved 1114112K
  class space    used 7617K, committed 8256K, reserved 1048576K
}
Event: 395.247 GC heap after
{Heap after GC invocations=964 (full 3):
 PSYoungGen      total 5120K, used 384K [0x00000000d5580000, 0x00000000d5b80000, 0x0000000100000000)
  eden space 4096K, 0% used [0x00000000d5580000,0x00000000d5580000,0x00000000d5980000)
  from space 1024K, 37% used [0x00000000d5a00000,0x00000000d5a60000,0x00000000d5b00000)
  to   space 512K, 0% used [0x00000000d5b00000,0x00000000d5b00000,0x00000000d5b80000)
 ParOldGen       total 739840K, used 739360K [0x0000000080000000, 0x00000000ad280000, 0x00000000d5580000)
  object space 739840K, 99% used [0x0000000080000000,0x00000000ad208310,0x00000000ad280000)
 Metaspace       used 71442K, committed 73024K, reserved 1114112K
  class space    used 7617K, committed 8256K, reserved 1048576K
}
Event: 1074.416 GC heap before
{Heap before GC invocations=965 (full 3):
 PSYoungGen      total 5120K, used 4480K [0x00000000d5580000, 0x00000000d5b80000, 0x0000000100000000)
  eden space 4096K, 100% used [0x00000000d5580000,0x00000000d5980000,0x00000000d5980000)
  from space 1024K, 37% used [0x00000000d5a00000,0x00000000d5a60000,0x00000000d5b00000)
  to   space 512K, 0% used [0x00000000d5b00000,0x00000000d5b00000,0x00000000d5b80000)
 ParOldGen       total 739840K, used 739360K [0x0000000080000000, 0x00000000ad280000, 0x00000000d5580000)
  object space 739840K, 99% used [0x0000000080000000,0x00000000ad208310,0x00000000ad280000)
 Metaspace       used 71766K, committed 73344K, reserved 1114112K
  class space    used 7665K, committed 8320K, reserved 1048576K
}
Event: 1074.870 GC heap after
{Heap after GC invocations=965 (full 3):
 PSYoungGen      total 4608K, used 192K [0x00000000d5580000, 0x00000000d5b80000, 0x0000000100000000)
  eden space 4096K, 0% used [0x00000000d5580000,0x00000000d5580000,0x00000000d5980000)
  from space 512K, 37% used [0x00000000d5b00000,0x00000000d5b30000,0x00000000d5b80000)
  to   space 512K, 0% used [0x00000000d5a80000,0x00000000d5a80000,0x00000000d5b00000)
 ParOldGen       total 739840K, used 739648K [0x0000000080000000, 0x00000000ad280000, 0x00000000d5580000)
  object space 739840K, 99% used [0x0000000080000000,0x00000000ad250310,0x00000000ad280000)
 Metaspace       used 71766K, committed 73344K, reserved 1114112K
  class space    used 7665K, committed 8320K, reserved 1048576K
}
Event: 1083.593 GC heap before
{Heap before GC invocations=966 (full 3):
 PSYoungGen      total 4608K, used 4288K [0x00000000d5580000, 0x00000000d5b80000, 0x0000000100000000)
  eden space 4096K, 100% used [0x00000000d5580000,0x00000000d5980000,0x00000000d5980000)
  from space 512K, 37% used [0x00000000d5b00000,0x00000000d5b30000,0x00000000d5b80000)
  to   space 512K, 0% used [0x00000000d5a80000,0x00000000d5a80000,0x00000000d5b00000)
 ParOldGen       total 739840K, used 739648K [0x0000000080000000, 0x00000000ad280000, 0x00000000d5580000)
  object space 739840K, 99% used [0x0000000080000000,0x00000000ad250310,0x00000000ad280000)
 Metaspace       used 72105K, committed 73664K, reserved 1114112K
  class space    used 7709K, committed 8384K, reserved 1048576K
}
Event: 1083.607 GC heap after
{Heap after GC invocations=966 (full 3):
 PSYoungGen      total 4608K, used 384K [0x00000000d5580000, 0x00000000d5b80000, 0x0000000100000000)
  eden space 4096K, 0% used [0x00000000d5580000,0x00000000d5580000,0x00000000d5980000)
  from space 512K, 75% used [0x00000000d5a80000,0x00000000d5ae0020,0x00000000d5b00000)
  to   space 512K, 0% used [0x00000000d5b00000,0x00000000d5b00000,0x00000000d5b80000)
 ParOldGen       total 739840K, used 739769K [0x0000000080000000, 0x00000000ad280000, 0x00000000d5580000)
  object space 739840K, 99% used [0x0000000080000000,0x00000000ad26e4c0,0x00000000ad280000)
 Metaspace       used 72105K, committed 73664K, reserved 1114112K
  class space    used 7709K, committed 8384K, reserved 1048576K
}
Event: 1359.373 GC heap before
{Heap before GC invocations=967 (full 3):
 PSYoungGen      total 4608K, used 4480K [0x00000000d5580000, 0x00000000d5b80000, 0x0000000100000000)
  eden space 4096K, 100% used [0x00000000d5580000,0x00000000d5980000,0x00000000d5980000)
  from space 512K, 75% used [0x00000000d5a80000,0x00000000d5ae0020,0x00000000d5b00000)
  to   space 512K, 0% used [0x00000000d5b00000,0x00000000d5b00000,0x00000000d5b80000)
 ParOldGen       total 739840K, used 739769K [0x0000000080000000, 0x00000000ad280000, 0x00000000d5580000)
  object space 739840K, 99% used [0x0000000080000000,0x00000000ad26e4c0,0x00000000ad280000)
 Metaspace       used 72134K, committed 73728K, reserved 1114112K
  class space    used 7711K, committed 8384K, reserved 1048576K
}
Event: 1360.003 GC heap after
{Heap after GC invocations=967 (full 3):
 PSYoungGen      total 4608K, used 256K [0x00000000d5580000, 0x00000000d5b80000, 0x0000000100000000)
  eden space 4096K, 0% used [0x00000000d5580000,0x00000000d5580000,0x00000000d5980000)
  from space 512K, 50% used [0x00000000d5b00000,0x00000000d5b40000,0x00000000d5b80000)
  to   space 512K, 0% used [0x00000000d5a80000,0x00000000d5a80000,0x00000000d5b00000)
 ParOldGen       total 740352K, used 739905K [0x0000000080000000, 0x00000000ad300000, 0x00000000d5580000)
  object space 740352K, 99% used [0x0000000080000000,0x00000000ad2904f0,0x00000000ad300000)
 Metaspace       used 72134K, committed 73728K, reserved 1114112K
  class space    used 7711K, committed 8384K, reserved 1048576K
}

